# JRE version: OpenJDK Runtime Environment (Zulu 8.68.0.21-CA-win64) (8.0_362-b09) (build 1.8.0_362-b09)
# Java VM: OpenJDK 64-Bit Server VM (25.362-b09 mixed mode windows-amd64 compressed oops)
Heap:
 def new generation   total 8448K, used 3768K [0x0000000080000000, 0x0000000080920000, 0x00000000aaaa0000)
  eden space 7552K,  49% used [0x0000000080000000, 0x00000000803ae2e8, 0x0000000080760000)
  from space 896K,   0% used [0x0000000080760000, 0x0000000080760000, 0x0000000080840000)
  to   space 896K,   0% used [0x0000000080840000, 0x0000000080840000, 0x0000000080920000)
 tenured generation   total 18592K, used 11154K [0x00000000aaaa0000, 0x00000000abcc8000, 0x0000000100000000)
   the space 18592K,  59% used [0x00000000aaaa0000, 0x00000000ab5849e0, 0x00000000ab584a00, 0x00000000abcc8000)
 Metaspace       used 21177K, capacity 21492K, committed 21936K, reserved 1069056K
  class space    used 2320K, capacity 2435K, committed 2560K, reserved 1048576K
GC Heap History (10 events):
Event: 11.300 GC heap before
{Heap before GC invocations=58 (full 1):
 def new generation   total 4992K, used 4501K [0x0000000080000000, 0x0000000080560000, 0x00000000aaaa0000)
  eden space 4480K, 100% used [0x0000000080000000, 0x0000000080460000, 0x0000000080460000)
  from space 512K,   4% used [0x00000000804e0000, 0x00000000804e5730, 0x0000000080560000)
  to   space 512K,   0% used [0x0000000080460000, 0x0000000080460000, 0x00000000804e0000)
 tenured generation   total 10944K, used 9330K [0x00000000aaaa0000, 0x00000000ab550000, 0x0000000100000000)
   the space 10944K,  85% used [0x00000000aaaa0000, 0x00000000ab3bca90, 0x00000000ab3bcc00, 0x00000000ab550000)
 Metaspace       used 20860K, capacity 21156K, committed 21552K, reserved 1069056K
  class space    used 2291K, capacity 2391K, committed 2432K, reserved 1048576K
Event: 11.301 GC heap after
Heap after GC invocations=59 (full 1):
 def new generation   total 4992K, used 20K [0x0000000080000000, 0x0000000080560000, 0x00000000aaaa0000)
  eden space 4480K,   0% used [0x0000000080000000, 0x0000000080000000, 0x0000000080460000)
  from space 512K,   4% used [0x0000000080460000, 0x0000000080465310, 0x00000000804e0000)
  to   space 512K,   0% used [0x00000000804e0000, 0x00000000804e0000, 0x0000000080560000)
 tenured generation   total 10944K, used 9330K [0x00000000aaaa0000, 0x00000000ab550000, 0x0000000100000000)
   the space 10944K,  85% used [0x00000000aaaa0000, 0x00000000ab3bca90, 0x00000000ab3bcc00, 0x00000000ab550000)
 Metaspace       used 20860K, capacity 21156K, committed 21552K, reserved 1069056K
  class space    used 2291K, capacity 2391K, committed 2432K, reserved 1048576K
}
Event: 11.464 GC heap before
{Heap before GC invocations=59 (full 1):
 def new generation   total 4992K, used 4500K [0x0000000080000000, 0x0000000080560000, 0x00000000aaaa0000)
  eden space 4480K, 100% used [0x0000000080000000, 0x0000000080460000, 0x0000000080460000)
  from space 512K,   4% used [0x0000000080460000, 0x0000000080465310, 0x00000000804e0000)
  to   space 512K,   0% used [0x00000000804e0000, 0x00000000804e0000, 0x0000000080560000)
 tenured generation   total 10944K, used 9330K [0x00000000aaaa0000, 0x00000000ab550000, 0x0000000100000000)
   the space 10944K,  85% used [0x00000000aaaa0000, 0x00000000ab3bca90, 0x00000000ab3bcc00, 0x00000000ab550000)
 Metaspace       used 20868K, capacity 21156K, committed 21552K, reserved 1069056K
  class space    used 2293K, capacity 2391K, committed 2432K, reserved 1048576K
Event: 11.466 GC heap after
Heap after GC invocations=60 (full 1):
 def new generation   total 4992K, used 103K [0x0000000080000000, 0x0000000080560000, 0x00000000aaaa0000)
  eden space 4480K,   0% used [0x0000000080000000, 0x0000000080000000, 0x0000000080460000)
  from space 512K,  20% used [0x00000000804e0000, 0x00000000804f9cf0, 0x0000000080560000)
  to   space 512K,   0% used [0x0000000080460000, 0x0000000080460000, 0x00000000804e0000)
 tenured generation   total 10944K, used 9330K [0x00000000aaaa0000, 0x00000000ab550000, 0x0000000100000000)
   the space 10944K,  85% used [0x00000000aaaa0000, 0x00000000ab3bca90, 0x00000000ab3bcc00, 0x00000000ab550000)
 Metaspace       used 20868K, capacity 21156K, committed 21552K, reserved 1069056K
  class space    used 2293K, capacity 2391K, committed 2432K, reserved 1048576K
}
Event: 11.565 GC heap before
{Heap before GC invocations=60 (full 1):
 def new generation   total 4992K, used 4583K [0x0000000080000000, 0x0000000080560000, 0x00000000aaaa0000)
  eden space 4480K, 100% used [0x0000000080000000, 0x0000000080460000, 0x0000000080460000)
  from space 512K,  20% used [0x00000000804e0000, 0x00000000804f9cf0, 0x0000000080560000)
  to   space 512K,   0% used [0x0000000080460000, 0x0000000080460000, 0x00000000804e0000)
 tenured generation   total 10944K, used 9330K [0x00000000aaaa0000, 0x00000000ab550000, 0x0000000100000000)
   the space 10944K,  85% used [0x00000000aaaa0000, 0x00000000ab3bca90, 0x00000000ab3bcc00, 0x00000000ab550000)
 Metaspace       used 20873K, capacity 21156K, committed 21552K, reserved 1069056K
  class space    used 2294K, capacity 2391K, committed 2432K, reserved 1048576K
Event: 11.572 GC heap after
Heap after GC invocations=61 (full 1):
 def new generation   total 4992K, used 512K [0x0000000080000000, 0x0000000080560000, 0x00000000aaaa0000)
  eden space 4480K,   0% used [0x0000000080000000, 0x0000000080000000, 0x0000000080460000)
  from space 512K, 100% used [0x0000000080460000, 0x00000000804e0000, 0x00000000804e0000)
  to   space 512K,   0% used [0x00000000804e0000, 0x00000000804e0000, 0x0000000080560000)
 tenured generation   total 10944K, used 9594K [0x00000000aaaa0000, 0x00000000ab550000, 0x0000000100000000)
   the space 10944K,  87% used [0x00000000aaaa0000, 0x00000000ab3fe970, 0x00000000ab3fea00, 0x00000000ab550000)
 Metaspace       used 20873K, capacity 21156K, committed 21552K, reserved 1069056K
  class space    used 2294K, capacity 2391K, committed 2432K, reserved 1048576K
}
Event: 11.682 GC heap before
{Heap before GC invocations=61 (full 1):
 def new generation   total 4992K, used 4992K [0x0000000080000000, 0x0000000080560000, 0x00000000aaaa0000)
  eden space 4480K, 100% used [0x0000000080000000, 0x0000000080460000, 0x0000000080460000)
  from space 512K, 100% used [0x0000000080460000, 0x00000000804e0000, 0x00000000804e0000)
  to   space 512K,   0% used [0x00000000804e0000, 0x00000000804e0000, 0x0000000080560000)
 tenured generation   total 10944K, used 9594K [0x00000000aaaa0000, 0x00000000ab550000, 0x0000000100000000)
   the space 10944K,  87% used [0x00000000aaaa0000, 0x00000000ab3fe970, 0x00000000ab3fea00, 0x00000000ab550000)
 Metaspace       used 20884K, capacity 21156K, committed 21552K, reserved 1069056K
  class space    used 2298K, capacity 2391K, committed 2432K, reserved 1048576K
Event: 11.688 GC heap after
Heap after GC invocations=62 (full 1):
 def new generation   total 4992K, used 512K [0x0000000080000000, 0x0000000080560000, 0x00000000aaaa0000)
  eden space 4480K,   0% used [0x0000000080000000, 0x0000000080000000, 0x0000000080460000)
  from space 512K, 100% used [0x00000000804e0000, 0x0000000080560000, 0x0000000080560000)
  to   space 512K,   0% used [0x0000000080460000, 0x0000000080460000, 0x00000000804e0000)
 tenured generation   total 10944K, used 10863K [0x00000000aaaa0000, 0x00000000ab550000, 0x0000000100000000)
   the space 10944K,  99% used [0x00000000aaaa0000, 0x00000000ab53be40, 0x00000000ab53c000, 0x00000000ab550000)
 Metaspace       used 20884K, capacity 21156K, committed 21552K, reserved 1069056K
  class space    used 2298K, capacity 2391K, committed 2432K, reserved 1048576K
}
Event: 11.839 GC heap before
{Heap before GC invocations=62 (full 1):
 def new generation   total 4992K, used 4992K [0x0000000080000000, 0x0000000080560000, 0x00000000aaaa0000)
  eden space 4480K, 100% used [0x0000000080000000, 0x0000000080460000, 0x0000000080460000)
  from space 512K, 100% used [0x00000000804e0000, 0x0000000080560000, 0x0000000080560000)
  to   space 512K,   0% used [0x0000000080460000, 0x0000000080460000, 0x00000000804e0000)
 tenured generation   total 10944K, used 10863K [0x00000000aaaa0000, 0x00000000ab550000, 0x0000000100000000)
   the space 10944K,  99% used [0x00000000aaaa0000, 0x00000000ab53be40, 0x00000000ab53c000, 0x00000000ab550000)
 Metaspace       used 21071K, capacity 21352K, committed 21552K, reserved 1069056K
  class space    used 2311K, capacity 2432K, committed 2432K, reserved 1048576K
Event: 11.881 GC heap after
Heap after GC invocations=63 (full 2):
 def new generation   total 8448K, used 0K [0x0000000080000000, 0x0000000080920000, 0x00000000aaaa0000)
  eden space 7552K,   0% used [0x0000000080000000, 0x0000000080000000, 0x0000000080760000)
  from space 896K,   0% used [0x0000000080760000, 0x0000000080760000, 0x0000000080840000)
  to   space 896K,   0% used [0x0000000080840000, 0x0000000080840000, 0x0000000080920000)
 tenured generation   total 18592K, used 11154K [0x00000000aaaa0000, 0x00000000abcc8000, 0x0000000100000000)
   the space 18592K,  59% used [0x00000000aaaa0000, 0x00000000ab5849e0, 0x00000000ab584a00, 0x00000000abcc8000)
 Metaspace       used 21071K, capacity 21352K, committed 21552K, reserved 1069056K
  class space    used 2311K, capacity 2432K, committed 2432K, reserved 1048576K
}

