# JRE version: OpenJDK Runtime Environment (Zulu 8.68.0.21-CA-win64) (8.0_362-b09) (build 1.8.0_362-b09)
# Java VM: OpenJDK 64-Bit Server VM (25.362-b09 mixed mode windows-amd64 compressed oops)
Heap:
 def new generation   total 4928K, used 4789K [0x0000000080000000, 0x0000000080550000, 0x00000000aaaa0000)
  eden space 4416K, 100% used [0x0000000080000000, 0x0000000080450000, 0x0000000080450000)
  from space 512K,  73% used [0x0000000080450000, 0x00000000804ad7e8, 0x00000000804d0000)
  to   space 512K,   0% used [0x00000000804d0000, 0x00000000804d0000, 0x0000000080550000)
 tenured generation   total 10944K, used 9988K [0x00000000aaaa0000, 0x00000000ab550000, 0x0000000100000000)
   the space 10944K,  91% used [0x00000000aaaa0000, 0x00000000ab4612d8, 0x00000000ab461400, 0x00000000ab550000)
 Metaspace       used 20852K, capacity 21080K, committed 21296K, reserved 1069056K
  class space    used 2296K, capacity 2387K, committed 2432K, reserved 1048576K
GC Heap History (10 events):
Event: 13.468 GC heap before
{Heap before GC invocations=49 (full 0):
 def new generation   total 4928K, used 4680K [0x0000000080000000, 0x0000000080550000, 0x00000000aaaa0000)
  eden space 4416K, 100% used [0x0000000080000000, 0x0000000080450000, 0x0000000080450000)
  from space 512K,  51% used [0x00000000804d0000, 0x00000000805120d8, 0x0000000080550000)
  to   space 512K,   0% used [0x0000000080450000, 0x0000000080450000, 0x00000000804d0000)
 tenured generation   total 10944K, used 9530K [0x00000000aaaa0000, 0x00000000ab550000, 0x0000000100000000)
   the space 10944K,  87% used [0x00000000aaaa0000, 0x00000000ab3eebd8, 0x00000000ab3eec00, 0x00000000ab550000)
 Metaspace       used 20094K, capacity 20364K, committed 20608K, reserved 1067008K
  class space    used 2210K, capacity 2339K, committed 2432K, reserved 1048576K
Event: 13.470 GC heap after
Heap after GC invocations=50 (full 0):
 def new generation   total 4928K, used 388K [0x0000000080000000, 0x0000000080550000, 0x00000000aaaa0000)
  eden space 4416K,   0% used [0x0000000080000000, 0x0000000080000000, 0x0000000080450000)
  from space 512K,  75% used [0x0000000080450000, 0x00000000804b12a0, 0x00000000804d0000)
  to   space 512K,   0% used [0x00000000804d0000, 0x00000000804d0000, 0x0000000080550000)
 tenured generation   total 10944K, used 9584K [0x00000000aaaa0000, 0x00000000ab550000, 0x0000000100000000)
   the space 10944K,  87% used [0x00000000aaaa0000, 0x00000000ab3fc130, 0x00000000ab3fc200, 0x00000000ab550000)
 Metaspace       used 20094K, capacity 20364K, committed 20608K, reserved 1067008K
  class space    used 2210K, capacity 2339K, committed 2432K, reserved 1048576K
}
Event: 14.133 GC heap before
{Heap before GC invocations=50 (full 0):
 def new generation   total 4928K, used 4804K [0x0000000080000000, 0x0000000080550000, 0x00000000aaaa0000)
  eden space 4416K, 100% used [0x0000000080000000, 0x0000000080450000, 0x0000000080450000)
  from space 512K,  75% used [0x0000000080450000, 0x00000000804b12a0, 0x00000000804d0000)
  to   space 512K,   0% used [0x00000000804d0000, 0x00000000804d0000, 0x0000000080550000)
 tenured generation   total 10944K, used 9584K [0x00000000aaaa0000, 0x00000000ab550000, 0x0000000100000000)
   the space 10944K,  87% used [0x00000000aaaa0000, 0x00000000ab3fc130, 0x00000000ab3fc200, 0x00000000ab550000)
 Metaspace       used 20498K, capacity 20740K, committed 21120K, reserved 1069056K
  class space    used 2271K, capacity 2379K, committed 2432K, reserved 1048576K
Event: 14.134 GC heap after
Heap after GC invocations=51 (full 0):
 def new generation   total 4928K, used 230K [0x0000000080000000, 0x0000000080550000, 0x00000000aaaa0000)
  eden space 4416K,   0% used [0x0000000080000000, 0x0000000080000000, 0x0000000080450000)
  from space 512K,  45% used [0x00000000804d0000, 0x0000000080509b88, 0x0000000080550000)
  to   space 512K,   0% used [0x0000000080450000, 0x0000000080450000, 0x00000000804d0000)
 tenured generation   total 10944K, used 9641K [0x00000000aaaa0000, 0x00000000ab550000, 0x0000000100000000)
   the space 10944K,  88% used [0x00000000aaaa0000, 0x00000000ab40a648, 0x00000000ab40a800, 0x00000000ab550000)
 Metaspace       used 20498K, capacity 20740K, committed 21120K, reserved 1069056K
  class space    used 2271K, capacity 2379K, committed 2432K, reserved 1048576K
}
Event: 14.196 GC heap before
{Heap before GC invocations=51 (full 0):
 def new generation   total 4928K, used 4646K [0x0000000080000000, 0x0000000080550000, 0x00000000aaaa0000)
  eden space 4416K, 100% used [0x0000000080000000, 0x0000000080450000, 0x0000000080450000)
  from space 512K,  45% used [0x00000000804d0000, 0x0000000080509b88, 0x0000000080550000)
  to   space 512K,   0% used [0x0000000080450000, 0x0000000080450000, 0x00000000804d0000)
 tenured generation   total 10944K, used 9641K [0x00000000aaaa0000, 0x00000000ab550000, 0x0000000100000000)
   the space 10944K,  88% used [0x00000000aaaa0000, 0x00000000ab40a648, 0x00000000ab40a800, 0x00000000ab550000)
 Metaspace       used 20522K, capacity 20804K, committed 21120K, reserved 1069056K
  class space    used 2271K, capacity 2379K, committed 2432K, reserved 1048576K
Event: 14.197 GC heap after
Heap after GC invocations=52 (full 0):
 def new generation   total 4928K, used 348K [0x0000000080000000, 0x0000000080550000, 0x00000000aaaa0000)
  eden space 4416K,   0% used [0x0000000080000000, 0x0000000080000000, 0x0000000080450000)
  from space 512K,  68% used [0x0000000080450000, 0x00000000804a7168, 0x00000000804d0000)
  to   space 512K,   0% used [0x00000000804d0000, 0x00000000804d0000, 0x0000000080550000)
 tenured generation   total 10944K, used 9641K [0x00000000aaaa0000, 0x00000000ab550000, 0x0000000100000000)
   the space 10944K,  88% used [0x00000000aaaa0000, 0x00000000ab40a648, 0x00000000ab40a800, 0x00000000ab550000)
 Metaspace       used 20522K, capacity 20804K, committed 21120K, reserved 1069056K
  class space    used 2271K, capacity 2379K, committed 2432K, reserved 1048576K
}
Event: 14.257 GC heap before
{Heap before GC invocations=52 (full 0):
 def new generation   total 4928K, used 4764K [0x0000000080000000, 0x0000000080550000, 0x00000000aaaa0000)
  eden space 4416K, 100% used [0x0000000080000000, 0x0000000080450000, 0x0000000080450000)
  from space 512K,  68% used [0x0000000080450000, 0x00000000804a7168, 0x00000000804d0000)
  to   space 512K,   0% used [0x00000000804d0000, 0x00000000804d0000, 0x0000000080550000)
 tenured generation   total 10944K, used 9641K [0x00000000aaaa0000, 0x00000000ab550000, 0x0000000100000000)
   the space 10944K,  88% used [0x00000000aaaa0000, 0x00000000ab40a648, 0x00000000ab40a800, 0x00000000ab550000)
 Metaspace       used 20558K, capacity 20810K, committed 21120K, reserved 1069056K
  class space    used 2276K, capacity 2381K, committed 2432K, reserved 1048576K
Event: 14.259 GC heap after
Heap after GC invocations=53 (full 0):
 def new generation   total 4928K, used 266K [0x0000000080000000, 0x0000000080550000, 0x00000000aaaa0000)
  eden space 4416K,   0% used [0x0000000080000000, 0x0000000080000000, 0x0000000080450000)
  from space 512K,  52% used [0x00000000804d0000, 0x0000000080512af0, 0x0000000080550000)
  to   space 512K,   0% used [0x0000000080450000, 0x0000000080450000, 0x00000000804d0000)
 tenured generation   total 10944K, used 9783K [0x00000000aaaa0000, 0x00000000ab550000, 0x0000000100000000)
   the space 10944K,  89% used [0x00000000aaaa0000, 0x00000000ab42dff8, 0x00000000ab42e000, 0x00000000ab550000)
 Metaspace       used 20558K, capacity 20810K, committed 21120K, reserved 1069056K
  class space    used 2276K, capacity 2381K, committed 2432K, reserved 1048576K
}
Event: 14.332 GC heap before
{Heap before GC invocations=53 (full 0):
 def new generation   total 4928K, used 4682K [0x0000000080000000, 0x0000000080550000, 0x00000000aaaa0000)
  eden space 4416K, 100% used [0x0000000080000000, 0x0000000080450000, 0x0000000080450000)
  from space 512K,  52% used [0x00000000804d0000, 0x0000000080512af0, 0x0000000080550000)
  to   space 512K,   0% used [0x0000000080450000, 0x0000000080450000, 0x00000000804d0000)
 tenured generation   total 10944K, used 9783K [0x00000000aaaa0000, 0x00000000ab550000, 0x0000000100000000)
   the space 10944K,  89% used [0x00000000aaaa0000, 0x00000000ab42dff8, 0x00000000ab42e000, 0x00000000ab550000)
 Metaspace       used 20803K, capacity 21010K, committed 21296K, reserved 1069056K
  class space    used 2294K, capacity 2385K, committed 2432K, reserved 1048576K
Event: 14.335 GC heap after
Heap after GC invocations=54 (full 0):
 def new generation   total 4928K, used 373K [0x0000000080000000, 0x0000000080550000, 0x00000000aaaa0000)
  eden space 4416K,   0% used [0x0000000080000000, 0x0000000080000000, 0x0000000080450000)
  from space 512K,  73% used [0x0000000080450000, 0x00000000804ad7e8, 0x00000000804d0000)
  to   space 512K,   0% used [0x00000000804d0000, 0x00000000804d0000, 0x0000000080550000)
 tenured generation   total 10944K, used 9988K [0x00000000aaaa0000, 0x00000000ab550000, 0x0000000100000000)
   the space 10944K,  91% used [0x00000000aaaa0000, 0x00000000ab4612d8, 0x00000000ab461400, 0x00000000ab550000)
 Metaspace       used 20803K, capacity 21010K, committed 21296K, reserved 1069056K
  class space    used 2294K, capacity 2385K, committed 2432K, reserved 1048576K
}

